<?xml version="1.0" encoding="UTF-8"?>
<testsuite xmlns:xsi="http://www.w3.org/2001/XMLSchema-instance" xsi:noNamespaceSchemaLocation="https://maven.apache.org/surefire/maven-surefire-plugin/xsd/surefire-test-report.xsd" version="3.0.2" name="tn.elderlycare.eurekaserver.EurekaServerApplicationTests" time="17.251" tests="1" errors="0" skipped="0" failures="0">
  <properties>
[...]
</properties>
  <testcase name="contextLoads" classname="tn.elderlycare.eurekaserver.EurekaServerApplicationTests" time="1.826">
    <system-out><![CDATA[12:12:49.503 [main] INFO org.springframework.test.context.support.AnnotationConfigContextLoaderUtils -- Could not detect default configuration classes for test class [tn.elderlycare.eurekaserver.EurekaServerApplicationTests]: EurekaServerApplicationTests does not declare any static, non-private, non-final, nested classes annotated with @Configuration.
12:12:49.817 [main] INFO org.springframework.boot.test.context.SpringBootTestContextBootstrapper -- Found @SpringBootConfiguration tn.elderlycare.eurekaserver.EurekaServerApplication for test class tn.elderlycare.eurekaserver.EurekaServerApplicationTests

  .   ____          _            __ _ _
 /\\ / ___'_ __ _ _(_)_ __  __ _ \ \ \ \
( ( )\___ | '_ | '_| | '_ \/ _` | \ \ \ \
 \\/  ___)| |_)| | | | | || (_| |  ) ) ) )
  '  |____| .__|_| |_|_| |_\__, | / / / /
 =========|_|==============|___/=/_/_/_/

 :: Spring Boot ::                (v3.4.4)

2025-04-07T12:12:52.666+01:00  INFO 18764 --- [eureka-server] [           main] t.e.e.EurekaServerApplicationTests       : Starting EurekaServerApplicationTests using Java 21.0.5 with PID 18764 (started by Lenovo in C:\Users\Lenovo\Desktop\MicroProject\eureka-server)
2025-04-07T12:12:52.671+01:00  INFO 18764 --- [eureka-server] [           main] t.e.e.EurekaServerApplicationTests       : No active profile set, falling back to 1 default profile: "default"
2025-04-07T12:12:56.343+01:00  INFO 18764 --- [eureka-server] [           main] o.s.cloud.context.scope.GenericScope     : BeanFactory id=69618319-7d13-30bb-bc6e-344235b1f449
2025-04-07T12:13:00.355+01:00  INFO 18764 --- [eureka-server] [           main] o.s.cloud.commons.util.InetUtils         : Cannot determine local hostname
2025-04-07T12:13:02.356+01:00  INFO 18764 --- [eureka-server] [           main] o.s.cloud.commons.util.InetUtils         : Cannot determine local hostname
2025-04-07T12:13:02.517+01:00  WARN 18764 --- [eureka-server] [           main] iguration$LoadBalancerCaffeineWarnLogger : Spring Cloud LoadBalancer is currently working with the default cache. While this cache implementation is useful for development and tests, it's recommended to use Caffeine cache in production.You can switch to using Caffeine cache, by adding it and org.springframework.cache.caffeine.CaffeineCacheManager to the classpath.
2025-04-07T12:13:03.176+01:00  INFO 18764 --- [eureka-server] [           main] o.s.c.n.eureka.InstanceInfoFactory       : Setting initial instance status as: STARTING
2025-04-07T12:13:03.231+01:00  INFO 18764 --- [eureka-server] [           main] com.netflix.discovery.DiscoveryClient    : Initializing Eureka in region us-east-1
2025-04-07T12:13:03.235+01:00  INFO 18764 --- [eureka-server] [           main] com.netflix.discovery.DiscoveryClient    : Client configured to neither register nor query for data.
2025-04-07T12:13:03.240+01:00  INFO 18764 --- [eureka-server] [           main] com.netflix.discovery.DiscoveryClient    : Discovery Client initialized at timestamp 1744024383237 with initial instances count: 0
2025-04-07T12:13:03.368+01:00  INFO 18764 --- [eureka-server] [           main] c.n.eureka.DefaultEurekaServerContext    : Initializing ...
2025-04-07T12:13:03.372+01:00  WARN 18764 --- [eureka-server] [           main] c.n.eureka.cluster.PeerEurekaNodes       : The replica size seems to be empty. Check the route 53 DNS Registry
2025-04-07T12:13:03.402+01:00  INFO 18764 --- [eureka-server] [           main] c.n.e.registry.AbstractInstanceRegistry  : Finished initializing remote region registries. All known remote regions: []
2025-04-07T12:13:03.403+01:00  INFO 18764 --- [eureka-server] [           main] c.n.eureka.DefaultEurekaServerContext    : Initialized
2025-04-07T12:13:03.791+01:00  INFO 18764 --- [eureka-server] [           main] o.s.b.a.e.web.EndpointLinksResolver      : Exposing 1 endpoint beneath base path '/actuator'
2025-04-07T12:13:03.929+01:00  INFO 18764 --- [eureka-server] [           main] o.s.c.n.e.s.EurekaServiceRegistry        : Registering application EUREKA-SERVER with eureka with status UP
2025-04-07T12:13:03.964+01:00  INFO 18764 --- [eureka-server] [      Thread-11] o.s.c.n.e.server.EurekaServerBootstrap   : isAws returned false
2025-04-07T12:13:03.966+01:00  INFO 18764 --- [eureka-server] [      Thread-11] o.s.c.n.e.server.EurekaServerBootstrap   : Initialized server context
2025-04-07T12:13:03.966+01:00  INFO 18764 --- [eureka-server] [      Thread-11] c.n.e.r.PeerAwareInstanceRegistryImpl    : Got 1 instances from neighboring DS node
2025-04-07T12:13:03.967+01:00  INFO 18764 --- [eureka-server] [      Thread-11] c.n.e.r.PeerAwareInstanceRegistryImpl    : Renew threshold is: 1
2025-04-07T12:13:03.967+01:00  INFO 18764 --- [eureka-server] [      Thread-11] c.n.e.r.PeerAwareInstanceRegistryImpl    : Changing status to UP
2025-04-07T12:13:03.986+01:00  INFO 18764 --- [eureka-server] [      Thread-11] e.s.EurekaServerInitializerConfiguration : Started Eureka Server
2025-04-07T12:13:04.024+01:00  INFO 18764 --- [eureka-server] [           main] t.e.e.EurekaServerApplicationTests       : Started EurekaServerApplicationTests in 13.349 seconds (process running for 17.329)
]]></system-out>
    <system-err><![CDATA[Mockito is currently self-attaching to enable the inline-mock-maker. This will no longer work in future releases of the JDK. Please add Mockito as an agent to your build what is described in Mockito's documentation: https://javadoc.io/doc/org.mockito/mockito-core/latest/org/mockito/Mockito.html#0.3
WARNING: A Java agent has been loaded dynamically (C:\Users\Lenovo\.m2\repository\net\bytebuddy\byte-buddy-agent\1.15.11\byte-buddy-agent-1.15.11.jar)
WARNING: If a serviceability tool is in use, please run with -XX:+EnableDynamicAgentLoading to hide this warning
WARNING: If a serviceability tool is not in use, please run with -Djdk.instrument.traceUsage for more information
WARNING: Dynamic loading of agents will be disallowed by default in a future release
]]></system-err>
  </testcase>
</testsuite>